Using pre-set license
Built from '2021.3/staging' branch; Version is '2021.3.0f1 (6eacc8284459) revision 7253192'; Using compiler version '192829333'; Build Type 'Release'
OS: 'Windows 10  (10.0.19043) 64bit Core' Language: 'en' Physical Memory: 16315 MB
BatchMode: 1, IsHumanControllingUs: 0, StartBugReporterOnCrash: 0, Is64bit: 1, IsPro: 1

COMMAND LINE ARGUMENTS:
C:\Program Files\Unity\Hub\Editor\2021.3.0f1\Editor\Unity.exe
-adb2
-batchMode
-noUpm
-name
AssetImportWorker7
-projectPath
C:/Users/Nitik/OneDrive/เดสก์ท็อป/FreeFight/Dreamland
-logFile
Logs/AssetImportWorker7.log
-srvPort
64821
Successfully changed project path to: C:/Users/Nitik/OneDrive/เดสก์ท็อป/FreeFight/Dreamland
C:/Users/Nitik/OneDrive/เดสก์ท็อป/FreeFight/Dreamland
[UnityMemory] Configuration Parameters - Can be set up in boot.config
    "memorysetup-bucket-allocator-granularity=16"
    "memorysetup-bucket-allocator-bucket-count=8"
    "memorysetup-bucket-allocator-block-size=33554432"
    "memorysetup-bucket-allocator-block-count=8"
    "memorysetup-main-allocator-block-size=16777216"
    "memorysetup-thread-allocator-block-size=16777216"
    "memorysetup-gfx-main-allocator-block-size=16777216"
    "memorysetup-gfx-thread-allocator-block-size=16777216"
    "memorysetup-cache-allocator-block-size=4194304"
    "memorysetup-typetree-allocator-block-size=2097152"
    "memorysetup-profiler-bucket-allocator-granularity=16"
    "memorysetup-profiler-bucket-allocator-bucket-count=8"
    "memorysetup-profiler-bucket-allocator-block-size=33554432"
    "memorysetup-profiler-bucket-allocator-block-count=8"
    "memorysetup-profiler-allocator-block-size=16777216"
    "memorysetup-profiler-editor-allocator-block-size=1048576"
    "memorysetup-temp-allocator-size-main=16777216"
    "memorysetup-job-temp-allocator-block-size=2097152"
    "memorysetup-job-temp-allocator-block-size-background=1048576"
    "memorysetup-job-temp-allocator-reduction-small-platforms=262144"
    "memorysetup-temp-allocator-size-background-worker=32768"
    "memorysetup-temp-allocator-size-job-worker=262144"
    "memorysetup-temp-allocator-size-preload-manager=33554432"
    "memorysetup-temp-allocator-size-nav-mesh-worker=65536"
    "memorysetup-temp-allocator-size-audio-worker=65536"
    "memorysetup-temp-allocator-size-cloud-worker=32768"
    "memorysetup-temp-allocator-size-gi-baking-worker=262144"
    "memorysetup-temp-allocator-size-gfx=262144"
Refreshing native plugins compatible for Editor in 87.68 ms, found 3 plugins.
Preloading 0 native plugins for Editor in 0.00 ms.
Initialize engine version: 2021.3.0f1 (6eacc8284459)
[Subsystems] Discovering subsystems at path C:/Program Files/Unity/Hub/Editor/2021.3.0f1/Editor/Data/Resources/UnitySubsystems
[Subsystems] Discovering subsystems at path C:/Users/Nitik/OneDrive/เดสก์ท็อป/FreeFight/Dreamland/Assets
GfxDevice: creating device client; threaded=0; jobified=0
Direct3D:
    Version:  Direct3D 11.0 [level 11.1]
    Renderer: AMD Radeon RX 5600 XT (ID=0x731f)
    Vendor:   ATI
    VRAM:     6103 MB
    Driver:   30.0.15021.11005
Initialize mono
Mono path[0] = 'C:/Program Files/Unity/Hub/Editor/2021.3.0f1/Editor/Data/Managed'
Mono path[1] = 'C:/Program Files/Unity/Hub/Editor/2021.3.0f1/Editor/Data/MonoBleedingEdge/lib/mono/unityjit-win32'
Mono config path = 'C:/Program Files/Unity/Hub/Editor/2021.3.0f1/Editor/Data/MonoBleedingEdge/etc'
Using monoOptions --debugger-agent=transport=dt_socket,embedding=1,server=y,suspend=n,address=127.0.0.1:56528
Begin MonoManager ReloadAssembly
Registering precompiled unity dll's ...
Register platform support module: C:/Program Files/Unity/Hub/Editor/2021.3.0f1/Editor/Data/PlaybackEngines/WebGLSupport/UnityEditor.WebGL.Extensions.dll
Register platform support module: C:/Program Files/Unity/Hub/Editor/2021.3.0f1/Editor/Data/PlaybackEngines/AndroidPlayer/UnityEditor.Android.Extensions.dll
Register platform support module: C:/Program Files/Unity/Hub/Editor/2021.3.0f1/Editor/Data/PlaybackEngines/iOSSupport/UnityEditor.iOS.Extensions.dll
Register platform support module: C:/Program Files/Unity/Hub/Editor/2021.3.0f1/Editor/Data/PlaybackEngines/WindowsStandaloneSupport/UnityEditor.WindowsStandalone.Extensions.dll
Registered in 0.011983 seconds.
Native extension for WindowsStandalone target not found
[usbmuxd] Start listen thread
[usbmuxd] Listen thread started
Native extension for iOS target not found
Native extension for Android target not found
Native extension for WebGL target not found
Refreshing native plugins compatible for Editor in 88.83 ms, found 3 plugins.
Preloading 0 native plugins for Editor in 0.00 ms.
Mono: successfully reloaded assembly
- Completed reload, in  0.810 seconds
Domain Reload Profiling:
	ReloadAssembly (811ms)
		BeginReloadAssembly (99ms)
			ExecutionOrderSort (0ms)
			DisableScriptedObjects (0ms)
			BackupInstance (0ms)
			ReleaseScriptingObjects (0ms)
			CreateAndSetChildDomain (1ms)
		EndReloadAssembly (566ms)
			LoadAssemblies (97ms)
			RebuildTransferFunctionScriptingTraits (0ms)
			SetupTypeCache (138ms)
			ReleaseScriptCaches (0ms)
			RebuildScriptCaches (32ms)
			SetupLoadedEditorAssemblies (336ms)
				LogAssemblyErrors (0ms)
				InitializePlatformSupportModulesInManaged (86ms)
				SetLoadedEditorAssemblies (0ms)
				RefreshPlugins (89ms)
				BeforeProcessingInitializeOnLoad (1ms)
				ProcessInitializeOnLoadAttributes (104ms)
				ProcessInitializeOnLoadMethodAttributes (55ms)
				AfterProcessingInitializeOnLoad (0ms)
				EditorAssembliesLoaded (0ms)
			ExecutionOrderSort2 (0ms)
			AwakeInstancesAfterBackupRestoration (0ms)
Platform modules already initialized, skipping
Registering precompiled user dll's ...
Registered in 0.006840 seconds.
Begin MonoManager ReloadAssembly
Symbol file LoadedFromMemory doesn't match image C:\Users\Nitik\OneDrive\เดสก์ท็อป\FreeFight\Dreamland\Library\PackageCache\com.unity.visualscripting@1.7.6\Editor\VisualScripting.Core\Dependencies\YamlDotNet\Unity.VisualScripting.YamlDotNet.dll
Symbol file LoadedFromMemory is not a mono symbol file
Symbol file LoadedFromMemory doesn't match image C:\Users\Nitik\OneDrive\เดสก์ท็อป\FreeFight\Dreamland\Library\PackageCache\com.unity.visualscripting@1.7.6\Editor\VisualScripting.Core\Dependencies\DotNetZip\Unity.VisualScripting.IonicZip.dll
Native extension for WindowsStandalone target not found
Native extension for iOS target not found
Native extension for Android target not found
Native extension for WebGL target not found
Refreshing native plugins compatible for Editor in 0.74 ms, found 3 plugins.
Preloading 0 native plugins for Editor in 0.00 ms.
Mono: successfully reloaded assembly
- Completed reload, in  1.511 seconds
Domain Reload Profiling:
	ReloadAssembly (1512ms)
		BeginReloadAssembly (255ms)
			ExecutionOrderSort (0ms)
			DisableScriptedObjects (9ms)
			BackupInstance (0ms)
			ReleaseScriptingObjects (0ms)
			CreateAndSetChildDomain (131ms)
		EndReloadAssembly (1117ms)
			LoadAssemblies (280ms)
			RebuildTransferFunctionScriptingTraits (0ms)
			SetupTypeCache (310ms)
			ReleaseScriptCaches (1ms)
			RebuildScriptCaches (60ms)
			SetupLoadedEditorAssemblies (430ms)
				LogAssemblyErrors (0ms)
				InitializePlatformSupportModulesInManaged (31ms)
				SetLoadedEditorAssemblies (0ms)
				RefreshPlugins (1ms)
				BeforeProcessingInitializeOnLoad (96ms)
				ProcessInitializeOnLoadAttributes (263ms)
				ProcessInitializeOnLoadMethodAttributes (29ms)
				AfterProcessingInitializeOnLoad (10ms)
				EditorAssembliesLoaded (0ms)
			ExecutionOrderSort2 (0ms)
			AwakeInstancesAfterBackupRestoration (6ms)
Platform modules already initialized, skipping
========================================================================
Worker process is ready to serve import requests
Launched and connected shader compiler UnityShaderCompiler.exe after 0.08 seconds
Refreshing native plugins compatible for Editor in 1.00 ms, found 3 plugins.
Preloading 0 native plugins for Editor in 0.00 ms.
Unloading 3404 Unused Serialized files (Serialized files now loaded: 0)
Unloading 33 unused Assets / (103.1 KB). Loaded Objects now: 3890.
Memory consumption went from 139.5 MB to 139.4 MB.
Total: 4.019200 ms (FindLiveObjects: 0.395400 ms CreateObjectMapping: 0.083100 ms MarkObjects: 3.434100 ms  DeleteObjects: 0.104300 ms)

AssetImportParameters requested are different than current active one (requested -> active):
  custom:video-decoder-ogg-theora: a1e56fd34408186e4bbccfd4996cb3dc -> 
  custom:container-muxer-webm: aa71ff27fc2769a1b78a27578f13a17b -> 
  custom:container-demuxer-webm: 4f35f7cbe854078d1ac9338744f61a02 -> 
  custom:video-encoder-webm-vp8: eb34c28f22e8b96e1ab97ce403110664 -> 
  custom:audio-encoder-webm-vorbis: bf7c407c2cedff20999df2af8eb42d56 -> 
  custom:framework-win-MediaFoundation: 216162199b28c13a410421893ffa2e32 -> 
  custom:container-demuxer-ogg: 62fdf1f143b41e24485cea50d1cbac27 -> 
  custom:video-decoder-webm-vp8: 9c59270c3fd7afecdb556c50c9e8de78 -> 
  custom:audio-decoder-ogg-vorbis: bf7c407c2cedff20999df2af8eb42d56 -> 
========================================================================
Received Import Request.
  Time since last request: 233689.092235 seconds.
  path: Assets/Model/cloth.fbx
  artifactKey: Guid(bf664c5b6d0341147ab53cec22c52dea) Importer(815301076,1909f56bfc062723c751e8b465ee728b)
Start importing Assets/Model/cloth.fbx using Guid(bf664c5b6d0341147ab53cec22c52dea) Importer(815301076,1909f56bfc062723c751e8b465ee728b)  -> (artifact id: '66ddf311b7acdfb3e54fbc010423b33a') in 0.227655 seconds 
========================================================================
Received Import Request.
  Time since last request: 290.223049 seconds.
  path: Assets/Image/Cloth 3/cloth_lambert1_Emissive.png
  artifactKey: Guid(26c85a041f87e6d47b3ae45c5cc8a9ec) Importer(815301076,1909f56bfc062723c751e8b465ee728b)
Start importing Assets/Image/Cloth 3/cloth_lambert1_Emissive.png using Guid(26c85a041f87e6d47b3ae45c5cc8a9ec) Importer(815301076,1909f56bfc062723c751e8b465ee728b)  -> (artifact id: 'e409477670e82f9f8d6ddab3f9556c5b') in 0.055547 seconds 
========================================================================
Received Import Request.
  Time since last request: 0.000045 seconds.
  path: Assets/Image/Cloth 3/cloth_lambert1_Roughness.png
  artifactKey: Guid(f8327e178c3eb644fbc81441b416175a) Importer(815301076,1909f56bfc062723c751e8b465ee728b)
Start importing Assets/Image/Cloth 3/cloth_lambert1_Roughness.png using Guid(f8327e178c3eb644fbc81441b416175a) Importer(815301076,1909f56bfc062723c751e8b465ee728b)  -> (artifact id: '60de3d47ae001c5c2b0c3cfb3a1aa2fb') in 0.019448 seconds 
========================================================================
Received Import Request.
  Time since last request: 0.000068 seconds.
  path: Assets/Image/Cloth 3/cloth_lambert1_Height.png
  artifactKey: Guid(6abb1002615ba1443941ce4e2cadce7a) Importer(815301076,1909f56bfc062723c751e8b465ee728b)
Start importing Assets/Image/Cloth 3/cloth_lambert1_Height.png using Guid(6abb1002615ba1443941ce4e2cadce7a) Importer(815301076,1909f56bfc062723c751e8b465ee728b)  -> (artifact id: 'f4f3f80f33d2be008ee7524d7047646c') in 0.020017 seconds 
========================================================================
Received Import Request.
  Time since last request: 0.000027 seconds.
  path: Assets/Image/Cloth 3/cloth_lambert1_Normal.png
  artifactKey: Guid(b151f22e5165212458b4c988cd0644ba) Importer(815301076,1909f56bfc062723c751e8b465ee728b)
Start importing Assets/Image/Cloth 3/cloth_lambert1_Normal.png using Guid(b151f22e5165212458b4c988cd0644ba) Importer(815301076,1909f56bfc062723c751e8b465ee728b)  -> (artifact id: '34c1e78e1dcb0a89d6413bc1bbe6c206') in 0.017646 seconds 
========================================================================
Received Import Request.
  Time since last request: 61.435039 seconds.
  path: Assets/Materials/New Material 12.mat
  artifactKey: Guid(cfd73d5e8ad047e4aa596116d6c0c989) Importer(815301076,1909f56bfc062723c751e8b465ee728b)
Start importing Assets/Materials/New Material 12.mat using Guid(cfd73d5e8ad047e4aa596116d6c0c989) Importer(815301076,1909f56bfc062723c751e8b465ee728b)  -> (artifact id: '0020475836d9a46e6ec4b1737baa94d4') in 0.046312 seconds 
========================================================================
Received Import Request.
  Time since last request: 3.216569 seconds.
  path: Assets/Image/Cloth 1/cloth_lambert1_Emissive.png
  artifactKey: Guid(2ed373389b90b394b80821a828ebfbb5) Importer(815301076,1909f56bfc062723c751e8b465ee728b)
Start importing Assets/Image/Cloth 1/cloth_lambert1_Emissive.png using Guid(2ed373389b90b394b80821a828ebfbb5) Importer(815301076,1909f56bfc062723c751e8b465ee728b)  -> (artifact id: 'bfb45cbe4ba1ad339743695729ddb0c4') in 0.018579 seconds 
========================================================================
Received Import Request.
  Time since last request: 0.000095 seconds.
  path: Assets/Image/Cloth 1/cloth_lambert1_Height.png
  artifactKey: Guid(b34f07df4d908214689c4fe1ebe947f5) Importer(815301076,1909f56bfc062723c751e8b465ee728b)
Start importing Assets/Image/Cloth 1/cloth_lambert1_Height.png using Guid(b34f07df4d908214689c4fe1ebe947f5) Importer(815301076,1909f56bfc062723c751e8b465ee728b)  -> (artifact id: '717c68e569647a1be617cc1214bf388a') in 0.019016 seconds 
========================================================================
Received Import Request.
  Time since last request: 0.000038 seconds.
  path: Assets/Image/Cloth 1/cloth_lambert1_Normal.png
  artifactKey: Guid(a98a3968acac7554fa9a6e40b6cbd486) Importer(815301076,1909f56bfc062723c751e8b465ee728b)
Start importing Assets/Image/Cloth 1/cloth_lambert1_Normal.png using Guid(a98a3968acac7554fa9a6e40b6cbd486) Importer(815301076,1909f56bfc062723c751e8b465ee728b)  -> (artifact id: 'f3d568469c07f729f0892120b18c13eb') in 0.016939 seconds 
========================================================================
Received Import Request.
  Time since last request: 0.000040 seconds.
  path: Assets/Image/Cloth 1/cloth_lambert1_Roughness.png
  artifactKey: Guid(1a6e3eb1174c1654fa47c5ee01121f79) Importer(815301076,1909f56bfc062723c751e8b465ee728b)
Start importing Assets/Image/Cloth 1/cloth_lambert1_Roughness.png using Guid(1a6e3eb1174c1654fa47c5ee01121f79) Importer(815301076,1909f56bfc062723c751e8b465ee728b)  -> (artifact id: '47e1580ac61b141aa763cfabcb5aff94') in 0.014122 seconds 
========================================================================
Received Import Request.
  Time since last request: 52.167668 seconds.
  path: Assets/Image/Cloth 2/cloth_lambert1_Height.png
  artifactKey: Guid(144b3dc819503a74da186425b16c6c7e) Importer(815301076,1909f56bfc062723c751e8b465ee728b)
Start importing Assets/Image/Cloth 2/cloth_lambert1_Height.png using Guid(144b3dc819503a74da186425b16c6c7e) Importer(815301076,1909f56bfc062723c751e8b465ee728b)  -> (artifact id: 'f6e042012cbf5a2eb7cd337c430c98ac') in 0.022378 seconds 
========================================================================
Received Import Request.
  Time since last request: 0.000030 seconds.
  path: Assets/Image/Cloth 2/cloth_lambert1_Metallic.png
  artifactKey: Guid(9052ec41f1057b242a1c285d3d930408) Importer(815301076,1909f56bfc062723c751e8b465ee728b)
Start importing Assets/Image/Cloth 2/cloth_lambert1_Metallic.png using Guid(9052ec41f1057b242a1c285d3d930408) Importer(815301076,1909f56bfc062723c751e8b465ee728b)  -> (artifact id: 'd364b82fd99ed5c4fa0afce9e5490b13') in 0.011844 seconds 
========================================================================
Received Prepare
Registering precompiled user dll's ...
Registered in 0.006327 seconds.
Begin MonoManager ReloadAssembly
Symbol file LoadedFromMemory doesn't match image C:\Users\Nitik\OneDrive\เดสก์ท็อป\FreeFight\Dreamland\Library\PackageCache\com.unity.visualscripting@1.7.6\Editor\VisualScripting.Core\Dependencies\YamlDotNet\Unity.VisualScripting.YamlDotNet.dll
Symbol file LoadedFromMemory is not a mono symbol file
Symbol file LoadedFromMemory doesn't match image C:\Users\Nitik\OneDrive\เดสก์ท็อป\FreeFight\Dreamland\Library\PackageCache\com.unity.visualscripting@1.7.6\Editor\VisualScripting.Core\Dependencies\DotNetZip\Unity.VisualScripting.IonicZip.dll
Native extension for WindowsStandalone target not found
Native extension for iOS target not found
Native extension for Android target not found
Native extension for WebGL target not found
Refreshing native plugins compatible for Editor in 1.35 ms, found 3 plugins.
Preloading 0 native plugins for Editor in 0.00 ms.
Mono: successfully reloaded assembly
- Completed reload, in  1.332 seconds
Domain Reload Profiling:
	ReloadAssembly (1333ms)
		BeginReloadAssembly (172ms)
			ExecutionOrderSort (0ms)
			DisableScriptedObjects (4ms)
			BackupInstance (0ms)
			ReleaseScriptingObjects (0ms)
			CreateAndSetChildDomain (47ms)
		EndReloadAssembly (1038ms)
			LoadAssemblies (141ms)
			RebuildTransferFunctionScriptingTraits (0ms)
			SetupTypeCache (327ms)
			ReleaseScriptCaches (2ms)
			RebuildScriptCaches (59ms)
			SetupLoadedEditorAssemblies (464ms)
				LogAssemblyErrors (0ms)
				InitializePlatformSupportModulesInManaged (46ms)
				SetLoadedEditorAssemblies (1ms)
				RefreshPlugins (1ms)
				BeforeProcessingInitializeOnLoad (101ms)
				ProcessInitializeOnLoadAttributes (269ms)
				ProcessInitializeOnLoadMethodAttributes (30ms)
				AfterProcessingInitializeOnLoad (16ms)
				EditorAssembliesLoaded (0ms)
			ExecutionOrderSort2 (0ms)
			AwakeInstancesAfterBackupRestoration (9ms)
Platform modules already initialized, skipping
Refreshing native plugins compatible for Editor in 2.83 ms, found 3 plugins.
Preloading 0 native plugins for Editor in 0.00 ms.
Unloading 3396 Unused Serialized files (Serialized files now loaded: 0)
Unloading 15 unused Assets / (95.4 KB). Loaded Objects now: 3948.
Memory consumption went from 143.7 MB to 143.6 MB.
Total: 5.146100 ms (FindLiveObjects: 0.620400 ms CreateObjectMapping: 0.108900 ms MarkObjects: 4.339400 ms  DeleteObjects: 0.075700 ms)

AssetImportParameters requested are different than current active one (requested -> active):
  custom:video-decoder-ogg-theora: a1e56fd34408186e4bbccfd4996cb3dc -> 
  custom:container-muxer-webm: aa71ff27fc2769a1b78a27578f13a17b -> 
  custom:container-demuxer-webm: 4f35f7cbe854078d1ac9338744f61a02 -> 
  custom:video-encoder-webm-vp8: eb34c28f22e8b96e1ab97ce403110664 -> 
  custom:audio-encoder-webm-vorbis: bf7c407c2cedff20999df2af8eb42d56 -> 
  custom:framework-win-MediaFoundation: 216162199b28c13a410421893ffa2e32 -> 
  custom:container-demuxer-ogg: 62fdf1f143b41e24485cea50d1cbac27 -> 
  custom:video-decoder-webm-vp8: 9c59270c3fd7afecdb556c50c9e8de78 -> 
  custom:audio-decoder-ogg-vorbis: bf7c407c2cedff20999df2af8eb42d56 -> 
Editor requested this worker to shutdown with reason: Scaling down because of idle timeout
AssetImportWorker is now disconnected from the server
Process exiting
Exiting without the bug reporter. Application will terminate with return code 0